<?xml version="1.0" encoding="UTF-8"?>
<coverage generated="1740942951444" clover="3.2.0">
  <project timestamp="1740942951444" name="All files">
    <metrics statements="10" coveredstatements="7" conditionals="0" coveredconditionals="0" methods="2" coveredmethods="1" elements="12" coveredelements="8" complexity="0" loc="10" ncloc="10" packages="1" files="2" classes="2"/>
    <file name="rhyzal_parser.js" path="/Users/davidjay/Projects/rhyzal_script_test/rhyzal_parser.js">
      <metrics statements="8" coveredstatements="6" conditionals="0" coveredconditionals="0" methods="1" coveredmethods="1"/>
      <line num="1" count="1" type="stmt"/>
      <line num="2" count="1" type="stmt"/>
      <line num="7" count="1" type="stmt"/>
      <line num="8" count="1" type="stmt"/>
      <line num="9" count="1" type="stmt"/>
      <line num="11" count="0" type="stmt"/>
      <line num="12" count="0" type="stmt"/>
      <line num="16" count="1" type="stmt"/>
    </file>
    <file name="send_message.js" path="/Users/davidjay/Projects/rhyzal_script_test/send_message.js">
      <metrics statements="2" coveredstatements="1" conditionals="0" coveredconditionals="0" methods="1" coveredmethods="0"/>
      <line num="2" count="0" type="stmt"/>
      <line num="5" count="1" type="stmt"/>
    </file>
  </project>
</coverage>
